#
# There is insufficient memory for the Java Runtime Environment to continue.
# Native memory allocation (mmap) failed to map 132120576 bytes for G1 virtual space
# Possible reasons:
#   The system is out of physical RAM or swap space
#   The process is running with CompressedOops enabled, and the Java Heap may be blocking the growth of the native heap
# Possible solutions:
#   Reduce memory load on the system
#   Increase physical memory or swap space
#   Check if swap backing store is full
#   Decrease Java heap size (-Xmx/-Xms)
#   Decrease number of Java threads
#   Decrease Java thread stack sizes (-Xss)
#   Set larger code cache with -XX:ReservedCodeCacheSize=
#   JVM is running with Unscaled Compressed Oops mode in which the Java heap is
#     placed in the first 4GB address space. The Java Heap base address is the
#     maximum limit for the native heap growth. Please use -XX:HeapBaseMinAddress
#     to set the Java Heap base and to place the Java Heap above 4GB virtual address.
# This output file may be truncated or incomplete.
#
#  Out of Memory Error (os_windows.cpp:3550), pid=10784, tid=12704
#
# JRE version:  (17.0.8+9) (build )
# Java VM: Java HotSpot(TM) 64-Bit Server VM (17.0.8+9-LTS-211, mixed mode, sharing, tiered, compressed oops, compressed class ptrs, g1 gc, windows-amd64)
# No core dump will be written. Minidumps are not enabled by default on client versions of Windows
#

---------------  S U M M A R Y ------------

Command Line: -javaagent:C:\Program Files\JetBrains\IntelliJ IDEA 2023.2.2\lib\idea_rt.jar=58019:C:\Program Files\JetBrains\IntelliJ IDEA 2023.2.2\bin -Dfile.encoding=UTF-8 --module-path=C:\Users\21263\OneDrive\Bureau\NimbusTalk\target\classes;C:\Users\21263\.m2\repository\org\openjfx\javafx-fxml\17.0.6\javafx-fxml-17.0.6-win.jar;C:\Users\21263\.m2\repository\org\openjfx\javafx-base\17.0.6\javafx-base-17.0.6-win.jar;C:\Users\21263\.m2\repository\org\openjfx\javafx-graphics\17.0.6\javafx-graphics-17.0.6-win.jar;C:\Users\21263\.m2\repository\org\openjfx\javafx-controls\17.0.6\javafx-controls-17.0.6-win.jar;C:\Users\21263\.m2\repository\org\kordamp\bootstrapfx\bootstrapfx-core\0.4.0\bootstrapfx-core-0.4.0.jar -Djdk.module.main=com.nimbus.nimbustalk com.nimbus.nimbustalk/com.chat.nimbustalk.Client.Main

Host: Intel(R) Core(TM) i5-1035G1 CPU @ 1.00GHz, 8 cores, 7G,  Windows 11 , 64 bit Build 22621 (10.0.22621.2506)
Time: Sat Dec 23 17:49:29 2023 Maroc (heure d64 bit Build 22621 (10.0.22621.2506) elapsed time: 0.024937 seconds (0d 0h 0m 0s)

---------------  T H R E A D  ---------------

Current thread (0x000002157e0205b0):  JavaThread "Unknown thread" [_thread_in_vm, id=12704, stack(0x000000d305a00000,0x000000d305b00000)]

Stack: [0x000000d305a00000,0x000000d305b00000]
Native frames: (J=compiled Java code, j=interpreted, Vv=VM code, C=native code)
V  [jvm.dll+0x677d0a]
V  [jvm.dll+0x7d8c54]
V  [jvm.dll+0x7da3fe]
V  [jvm.dll+0x7daa63]
V  [jvm.dll+0x245c5f]
V  [jvm.dll+0x674bb9]
V  [jvm.dll+0x6694f2]
V  [jvm.dll+0x3031d6]
V  [jvm.dll+0x30a756]
V  [jvm.dll+0x359f9e]
V  [jvm.dll+0x35a1cf]
V  [jvm.dll+0x2da3e8]
V  [jvm.dll+0x2db354]
V  [jvm.dll+0x7aa711]
V  [jvm.dll+0x367b51]
V  [jvm.dll+0x789979]
V  [jvm.dll+0x3eb05f]
V  [jvm.dll+0x3ecae1]
C  [jli.dll+0x5297]
C  [ucrtbase.dll+0x29363]
C  [KERNEL32.DLL+0x1257d]
C  [ntdll.dll+0x5aa58]


---------------  P R O C E S S  ---------------

Threads class SMR info:
_java_thread_list=0x00007ffa56c959d8, length=0, elements={
}

Java Threads: ( => current thread )

Other Threads:
  0x000002157e079060 GCTaskThread "GC Thread#0" [stack: 0x000000d305b00000,0x000000d305c00000] [id=14752]
  0x000002157e089860 ConcurrentGCThread "G1 Main Marker" [stack: 0x000000d305c00000,0x000000d305d00000] [id=22044]
  0x000002157e08aa10 ConcurrentGCThread "G1 Conc#0" [stack: 0x000000d305d00000,0x000000d305e00000] [id=25376]

[error occurred during error reporting (printing all threads), id 0xc0000005, EXCEPTION_ACCESS_VIOLATION (0xc0000005) at pc=0x00007ffa564cb047]

VM state: not at safepoint (not fully initialized)

VM Mutex/Monitor currently owned by a thread:  ([mutex/lock_event])
[0x000002157e01b100] Heap_lock - owner thread: 0x000002157e0205b0

Heap address: 0x0000000083a00000, size: 1990 MB, Compressed Oops mode: 32-bit

CDS archive(s) mapped at: [0x0000000000000000-0x0000000000000000-0x0000000000000000), size 0, SharedBaseAddress: 0x0000000800000000, ArchiveRelocationMode: 1.
Narrow klass base: 0x0000000000000000, Narrow klass shift: 0, Narrow klass range: 0x0

GC Precious Log:
<Empty>

Heap:
 garbage-first heap   total 0K, used 0K [0x0000000083a00000, 0x0000000100000000)
  region size 1024K, 0 young (0K), 0 survivors (0K)

[error occurred during error reporting (printing heap information), id 0xc0000005, EXCEPTION_ACCESS_VIOLATION (0xc0000005) at pc=0x00007ffa568b1499]

GC Heap History (0 events):
No events

Deoptimization events (0 events):
No events

Classes unloaded (0 events):
No events

Classes redefined (0 events):
No events

Internal exceptions (0 events):
No events

VM Operations (0 events):
No events

Events (1 events):
Event: 0.014 Loaded shared library C:\Program Files\Java\jdk-17\bin\java.dll


Dynamic libraries:
0x00007ff6e60b0000 - 0x00007ff6e60c0000 	C:\Program Files\Java\jdk-17\bin\java.exe
0x00007ffb28f50000 - 0x00007ffb29167000 	C:\WINDOWS\SYSTEM32\ntdll.dll
0x00007ffb275d0000 - 0x00007ffb27694000 	C:\WINDOWS\System32\KERNEL32.DLL
0x00007ffb26880000 - 0x00007ffb26c26000 	C:\WINDOWS\System32\KERNELBASE.dll
0x00007ffb26360000 - 0x00007ffb26471000 	C:\WINDOWS\System32\ucrtbase.dll
0x00007ffae6e10000 - 0x00007ffae6e29000 	C:\Program Files\Java\jdk-17\bin\jli.dll
0x00007ffae2450000 - 0x00007ffae246b000 	C:\Program Files\Java\jdk-17\bin\VCRUNTIME140.dll
0x00007ffb26d20000 - 0x00007ffb26dd1000 	C:\WINDOWS\System32\ADVAPI32.dll
0x00007ffb28e60000 - 0x00007ffb28f07000 	C:\WINDOWS\System32\msvcrt.dll
0x00007ffb27010000 - 0x00007ffb270b5000 	C:\WINDOWS\System32\sechost.dll
0x00007ffb27b90000 - 0x00007ffb27ca7000 	C:\WINDOWS\System32\RPCRT4.dll
0x00007ffb26de0000 - 0x00007ffb26f8e000 	C:\WINDOWS\System32\USER32.dll
0x00007ffb26480000 - 0x00007ffb264a6000 	C:\WINDOWS\System32\win32u.dll
0x00007ffb00a10000 - 0x00007ffb00ca3000 	C:\WINDOWS\WinSxS\amd64_microsoft.windows.common-controls_6595b64144ccf1df_6.0.22621.2506_none_270c5ae97388e100\COMCTL32.dll
0x00007ffb26fe0000 - 0x00007ffb27009000 	C:\WINDOWS\System32\GDI32.dll
0x00007ffb266e0000 - 0x00007ffb267f8000 	C:\WINDOWS\System32\gdi32full.dll
0x00007ffb262c0000 - 0x00007ffb2635a000 	C:\WINDOWS\System32\msvcp_win.dll
0x00007ffb1ec50000 - 0x00007ffb1ec5a000 	C:\WINDOWS\SYSTEM32\VERSION.dll
0x00007ffb28570000 - 0x00007ffb285a1000 	C:\WINDOWS\System32\IMM32.DLL
0x00007ffaf2790000 - 0x00007ffaf279c000 	C:\Program Files\Java\jdk-17\bin\vcruntime140_1.dll
0x00007ffab9560000 - 0x00007ffab95ee000 	C:\Program Files\Java\jdk-17\bin\msvcp140.dll
0x00007ffa561e0000 - 0x00007ffa56dbe000 	C:\Program Files\Java\jdk-17\bin\server\jvm.dll
0x00007ffb285b0000 - 0x00007ffb285b8000 	C:\WINDOWS\System32\PSAPI.DLL
0x00007ffb06180000 - 0x00007ffb06189000 	C:\WINDOWS\SYSTEM32\WSOCK32.dll
0x00007ffb1f6d0000 - 0x00007ffb1f704000 	C:\WINDOWS\SYSTEM32\WINMM.dll
0x00007ffb285c0000 - 0x00007ffb28631000 	C:\WINDOWS\System32\WS2_32.dll
0x00007ffb25220000 - 0x00007ffb25238000 	C:\WINDOWS\SYSTEM32\kernel.appcore.dll
0x00007ffaeb5d0000 - 0x00007ffaeb5da000 	C:\Program Files\Java\jdk-17\bin\jimage.dll
0x00007ffb23ae0000 - 0x00007ffb23d13000 	C:\WINDOWS\SYSTEM32\DBGHELP.DLL
0x00007ffb27240000 - 0x00007ffb275c9000 	C:\WINDOWS\System32\combase.dll
0x00007ffb28c80000 - 0x00007ffb28d57000 	C:\WINDOWS\System32\OLEAUT32.dll
0x00007ffb099c0000 - 0x00007ffb099f2000 	C:\WINDOWS\SYSTEM32\dbgcore.DLL
0x00007ffb26800000 - 0x00007ffb2687a000 	C:\WINDOWS\System32\bcryptPrimitives.dll
0x00007ffb06630000 - 0x00007ffb0663e000 	C:\Program Files\Java\jdk-17\bin\instrument.dll
0x00007ffae1c80000 - 0x00007ffae1ca5000 	C:\Program Files\Java\jdk-17\bin\java.dll

dbghelp: loaded successfully - version: 4.0.5 - missing functions: none
symbol engine: initialized successfully - sym options: 0x614 - pdb path: .;C:\Program Files\Java\jdk-17\bin;C:\WINDOWS\SYSTEM32;C:\WINDOWS\WinSxS\amd64_microsoft.windows.common-controls_6595b64144ccf1df_6.0.22621.2506_none_270c5ae97388e100;C:\Program Files\Java\jdk-17\bin\server

VM Arguments:
jvm_args: -javaagent:C:\Program Files\JetBrains\IntelliJ IDEA 2023.2.2\lib\idea_rt.jar=58019:C:\Program Files\JetBrains\IntelliJ IDEA 2023.2.2\bin -Dfile.encoding=UTF-8 --module-path=C:\Users\21263\OneDrive\Bureau\NimbusTalk\target\classes;C:\Users\21263\.m2\repository\org\openjfx\javafx-fxml\17.0.6\javafx-fxml-17.0.6-win.jar;C:\Users\21263\.m2\repository\org\openjfx\javafx-base\17.0.6\javafx-base-17.0.6-win.jar;C:\Users\21263\.m2\repository\org\openjfx\javafx-graphics\17.0.6\javafx-graphics-17.0.6-win.jar;C:\Users\21263\.m2\repository\org\openjfx\javafx-controls\17.0.6\javafx-controls-17.0.6-win.jar;C:\Users\21263\.m2\repository\org\kordamp\bootstrapfx\bootstrapfx-core\0.4.0\bootstrapfx-core-0.4.0.jar -Djdk.module.main=com.nimbus.nimbustalk 
java_command: com.nimbus.nimbustalk/com.chat.nimbustalk.Client.Main
java_class_path (initial): C:\Users\21263\.m2\repository\mysql\mysql-connector-java\8.0.30\mysql-connector-java-8.0.30.jar;C:\Users\21263\.m2\repository\com\google\protobuf\protobuf-java\3.19.4\protobuf-java-3.19.4.jar;C:\Users\21263\.m2\repository\org\openjfx\javafx-controls\17.0.6\javafx-controls-17.0.6.jar;C:\Users\21263\.m2\repository\org\openjfx\javafx-fxml\17.0.6\javafx-fxml-17.0.6.jar;C:\Users\21263\.m2\repository\org\openjfx\javafx-graphics\17.0.6\javafx-graphics-17.0.6.jar;C:\Users\21263\.m2\repository\org\openjfx\javafx-base\17.0.6\javafx-base-17.0.6.jar
Launcher Type: SUN_STANDARD

[Global flags]
     intx CICompilerCount                          = 4                                         {product} {ergonomic}
     uint ConcGCThreads                            = 2                                         {product} {ergonomic}
     uint G1ConcRefinementThreads                  = 8                                         {product} {ergonomic}
   size_t G1HeapRegionSize                         = 1048576                                   {product} {ergonomic}
    uintx GCDrainStackTargetSize                   = 64                                        {product} {ergonomic}
   size_t InitialHeapSize                          = 132120576                                 {product} {ergonomic}
   size_t MarkStackSize                            = 4194304                                   {product} {ergonomic}
   size_t MaxHeapSize                              = 2086666240                                {product} {ergonomic}
   size_t MinHeapDeltaBytes                        = 1048576                                   {product} {ergonomic}
   size_t MinHeapSize                              = 8388608                                   {product} {ergonomic}
    uintx NonNMethodCodeHeapSize                   = 5839372                                {pd product} {ergonomic}
    uintx NonProfiledCodeHeapSize                  = 122909434                              {pd product} {ergonomic}
    uintx ProfiledCodeHeapSize                     = 122909434                              {pd product} {ergonomic}
    uintx ReservedCodeCacheSize                    = 251658240                              {pd product} {ergonomic}
     bool SegmentedCodeCache                       = true                                      {product} {ergonomic}
   size_t SoftMaxHeapSize                          = 2086666240                             {manageable} {ergonomic}
     bool UseCompressedClassPointers               = true                           {product lp64_product} {ergonomic}
     bool UseCompressedOops                        = true                           {product lp64_product} {ergonomic}
     bool UseG1GC                                  = true                                      {product} {ergonomic}
     bool UseLargePagesIndividualAllocation        = false                                  {pd product} {ergonomic}

Logging:
Log output configuration:
 #0: stdout all=warning uptime,level,tags
 #1: stderr all=off uptime,level,tags

Environment Variables:
JAVA_HOME=C:\Program Files\Java\jdk-17
PATH=C:\Users\21263\AppData\Local\Programs\Microsoft VS Code\bin;C:\Program Files\Java\jdk-17\bin;C:\Program Files\nodejs\;C:\Windows\System32;C:\Windows\System32\wbem;C:\Windows\System32\WindowsPowerShell\v1.0;C:\Program Files\Python311;C:\Program Files\Git\bin;C:\MinGW\bin;C:\Program Files\Microsoft Visual Studio\2022\Community;C:\Program Files\Microsoft Visual Studio\2022\Community\VC\Tools\MSVC\14.36.32532\bin\Hostx64\x64;C:\Program Files\nodejs\node_modules\npm\bin;C:\Program Files (x86)\Windows Kits\10\Windows Performance Toolkit\;C:\Program Files (x86)\MSBuild\Microsoft\Windows Workflow Foundation\v3.5;C:\Program Files (x86)\Windows Kits\10\bin;C:\Program Files\MongoDB\Server\6.0\bin;C:\Program Files\Microsoft SQL Server\160\Tools\Binn;C:\Program Files\JetBrains\IntelliJ IDEA 2023.2.2\bin;C:\Program Files\MySQL\MySQL Server 8.0\bin;C:\Users\21263\AppData\Roaming\npm;C:\Program Files\dotnet;C:\Program Files\MongoDB\Tools\100\bin;C:\Program Files\MongoDB\Server\6.0\bin\mongo.exe;C:\Users\21263\.dotnet\tools;C:\Program Files\apache-maven-3.9.5-bin\apache-maven-3.9.5\bin;C:\Program Files\PuTTY\;C:\Program Files (x86)\GnuWin32\bin;C:\WINDOWS\system32\config\systemprofile\AppData\Local\Microsoft\WindowsApps;C:\Program Files\gnuplot\bin;C:\Program Files\gnuplot\bin\gnuplot.exe;C:\Program Files\MySQL\MySQL Shell 8.0\bin\;C:\Users\21263\AppData\Local\Programs\Microsoft VS Code\bin;C:\Program Files\Java\jdk-17\bin;C:\Program Files\nodejs;C:\MinGW\bin;C:\Program Files\Notepad++\bin;C:\Program Files\Git\bin;C:\Program Files\JetBrains\IntelliJ IDEA 2023.2.2\bin;C:\Users\21263\AppData\Local\Programs\mongosh\;C:\Users\21263\AppData\Local\gitkraken\bin
USERNAME=21263
OS=Windows_NT
PROCESSOR_IDENTIFIER=Intel64 Family 6 Model 126 Stepping 5, GenuineIntel



---------------  S Y S T E M  ---------------

OS:
 Windows 11 , 64 bit Build 22621 (10.0.22621.2506)
OS uptime: 3 days 2:00 hours
Hyper-V role detected

CPU: total 8 (initial active 8) (4 cores per cpu, 2 threads per core) family 6 model 126 stepping 5 microcode 0x96, cx8, cmov, fxsr, ht, mmx, 3dnowpref, sse, sse2, sse3, ssse3, sse4.1, sse4.2, popcnt, lzcnt, tsc, tscinvbit, avx, avx2, aes, erms, clmul, bmi1, bmi2, adx, avx512f, avx512dq, avx512cd, avx512bw, avx512vl, sha, fma, vzeroupper, avx512_vpopcntdq, avx512_vpclmulqdq, avx512_vaes, avx512_vnni, clflush, clflushopt, avx512_vbmi2, avx512_vbmi, hv

Memory: 4k page, system-wide physical 7954M (1233M free)
TotalPageFile size 18760M (AvailPageFile size 13M)
current process WorkingSet (physical memory assigned to process): 11M, peak: 11M
current process commit charge ("private bytes"): 60M, peak: 186M

vm_info: Java HotSpot(TM) 64-Bit Server VM (17.0.8+9-LTS-211) for windows-amd64 JRE (17.0.8+9-LTS-211), built on Jun 14 2023 10:34:31 by "mach5one" with MS VC++ 17.1 (VS2022)

END.
